#
# A fatal error has been detected by the Java Runtime Environment:
#
#  EXCEPTION_ACCESS_VIOLATION (0xc0000005) at pc=0x00007ff87429a1bb, pid=21376, tid=4384
#
# JRE version: OpenJDK Runtime Environment Temurin-17.0.16+8 (17.0.16+8) (build 17.0.16+8)
# Java VM: OpenJDK 64-Bit Server VM Temurin-17.0.16+8 (17.0.16+8, mixed mode, sharing, tiered, compressed oops, compressed class ptrs, parallel gc, windows-amd64)
# Problematic frame:
# V  [jvm.dll+0x2ea1bb]
#
# No core dump will be written. Minidumps are not enabled by default on client versions of Windows
#
# If you would like to submit a bug report, please visit:
#   https://github.com/adoptium/adoptium-support/issues
#

---------------  S U M M A R Y ------------

Command Line: --add-modules=ALL-SYSTEM --add-opens=java.base/java.util=ALL-UNNAMED --add-opens=java.base/java.lang=ALL-UNNAMED --add-opens=java.base/sun.nio.fs=ALL-UNNAMED -Declipse.application=org.eclipse.jdt.ls.core.id1 -Dosgi.bundles.defaultStartLevel=4 -Declipse.product=org.eclipse.jdt.ls.core.product -Djava.import.generatesMetadataFilesAtProjectRoot=false -DDetectVMInstallationsJob.disabled=true -Dfile.encoding=utf8 -XX:+UseParallelGC -XX:GCTimeRatio=4 -XX:AdaptiveSizePolicyWeight=90 -Dsun.zip.disableMemoryMapping=true -Xmx1G -Xms100m -Xlog:disable -javaagent:c:\Users\Public\wpilib\2026\vscode\data\extensions\redhat.java-1.38.0\lombok\lombok-1.18.34.jar -XX:+HeapDumpOnOutOfMemoryError -XX:HeapDumpPath=c:\Users\Public\wpilib\2026\vscode\data\user-data\User\workspaceStorage\b0ae44fce785b7964e90a7cbb8bc19ea\redhat.java -Daether.dependencyCollector.impl=bf c:\Users\Public\wpilib\2026\vscode\data\extensions\redhat.java-1.38.0\server\plugins\org.eclipse.equinox.launcher_1.6.900.v20240613-2009.jar -configuration c:\Users\Public\wpilib\2026\vscode\data\user-data\User\globalStorage\redhat.java\1.38.0\config_win -data c:\Users\Public\wpilib\2026\vscode\data\user-data\User\workspaceStorage\b0ae44fce785b7964e90a7cbb8bc19ea\redhat.java\jdt_ws --pipe=\\.\pipe\lsp-afd491ea9e5c3f6b94176ebbdf10fbfd-sock

Host: Intel(R) Core(TM) i7-10700 CPU @ 2.90GHz, 16 cores, 15G,  Windows 11 , 64 bit Build 22000 (10.0.22000.2538)
Time: Mon Mar 16 18:51:08 2026 Turkey Standard Time elapsed time: 36647.528525 seconds (0d 10h 10m 47s)

---------------  T H R E A D  ---------------

Current thread (0x00000171eb5104f0):  GCTaskThread "GC Thread#3" [stack: 0x00000015d6e00000,0x00000015d6f00000] [id=4384]

Stack: [0x00000015d6e00000,0x00000015d6f00000],  sp=0x00000015d6eff6d8,  free space=1021k
Native frames: (J=compiled Java code, j=interpreted, Vv=VM code, C=native code)
V  [jvm.dll+0x2ea1bb]
V  [jvm.dll+0x6be1e8]
V  [jvm.dll+0x6bf24a]
V  [jvm.dll+0x8677db]
V  [jvm.dll+0x867826]
V  [jvm.dll+0x7e979c]
V  [jvm.dll+0x682047]
C  [ucrtbase.dll+0x26c0c]
C  [KERNEL32.DLL+0x153e0]
C  [ntdll.dll+0x485b]


siginfo: EXCEPTION_ACCESS_VIOLATION (0xc0000005), data execution prevention violation at address 0x00007ff819b5c010


Registers:
RAX=0x00000171c91b2990, RBX=0x00000171e3cd68b0, RCX=0x00000171e3d1b2c0, RDX=0x0000000000000009
RSP=0x00000015d6eff6d8, RBP=0x00000171e3d9d500, RSI=0x0000000000000048, RDI=0x00000171e3dfeeb0
R8 =0x0000000000000000, R9 =0x0000000000000009, R10=0x0000000000000001, R11=0x0000000000000006
R12=0x0000000000000000, R13=0x00007ff874966458, R14=0x0000000000000000, R15=0x00000015d6eff790
RIP=0x00007ff87429a1bb, EFLAGS=0x0000000000010202

XMM[0]=0x0000000000000000 0x0000000000000000
XMM[1]=0x0000000000000000 0x0000000000000000
XMM[2]=0x0000000000000000 0x0000000000000000
XMM[3]=0x0000000000000000 0x0000000000000000
XMM[4]=0x0000000000000000 0x0000000000000000
XMM[5]=0x0000000000000000 0x0000000000000000
XMM[6]=0x0000000000000000 0x0000000000000000
XMM[7]=0x0000000000000000 0x0000000000000000
XMM[8]=0x0000000000000000 0x0000000000000000
XMM[9]=0x0000000000000000 0x0000000000000000
XMM[10]=0x0000000000000000 0x0000000000000000
XMM[11]=0x0000000000000000 0x0000000000000000
XMM[12]=0x0000000000000000 0x0000000000000000
XMM[13]=0x0000000000000000 0x0000000000000000
XMM[14]=0x0000000000000000 0x0000000000000000
XMM[15]=0x0000000000000000 0x0000000000000000
  MXCSR=0x00001fa0


Register to memory mapping:

RIP=0x00007ff87429a1bb jvm.dll
RAX=0x00000171c91b2990 points into unknown readable memory: 0x00000171e3cda1a0 | a0 a1 cd e3 71 01 00 00
RBX=0x00000171e3cd68b0 points into unknown readable memory: 0x00007ff874966490 | 90 64 96 74 f8 7f 00 00
RCX=0x00000171e3d1b2c0 points into unknown readable memory: 0x00000171c8fc0150 | 50 01 fc c8 71 01 00 00
RDX=0x0000000000000009 is an unknown value
RSP=0x00000015d6eff6d8 points into unknown readable memory: 0x00000015d5afee78 | 78 ee af d5 15 00 00 00
RBP=0x00000171e3d9d500 points into unknown readable memory: 0x00000171c8fc0150 | 50 01 fc c8 71 01 00 00
RSI=0x0000000000000048 is an unknown value
RDI=0x00000171e3dfeeb0 points into unknown readable memory: 0x00000171c8fc0150 | 50 01 fc c8 71 01 00 00
R8 =0x0 is NULL
R9 =0x0000000000000009 is an unknown value
R10=0x0000000000000001 is an unknown value
R11=0x0000000000000006 is an unknown value
R12=0x0 is NULL
R13=0x00007ff874966458 jvm.dll
R14=0x0 is NULL
R15=0x00000015d6eff790 points into unknown readable memory: 0x00000000c3d50d18 | 18 0d d5 c3 00 00 00 00


Top of Stack: (sp=0x00000015d6eff6d8)
0x00000015d6eff6d8:   00000015d5afee78 0000000000000006
0x00000015d6eff6e8:   0000000000000010 00000000c4d88508
0x00000015d6eff6f8:   00007ff87466e1e8 00000171e3d9d500
0x00000015d6eff708:   00007ff874ae5840 00000000c4e76140
0x00000015d6eff718:   00000171e3d9d500 00000000c4e40130
0x00000015d6eff728:   000000000000d000 00007ff874966458
0x00000015d6eff738:   00000171c91a78c0 0000000000000003
0x00000015d6eff748:   00000171e3d9d500 0000000000000006
0x00000015d6eff758:   00000015d5afee70 00000015d5afee38
0x00000015d6eff768:   00000015d5afed30 00000015d5afed30
0x00000015d6eff778:   00007ff87466f24a 0000000000000005
0x00000015d6eff788:   00000015d6eff800 00000000c3d50d18
0x00000015d6eff798:   00000171eb5104f0 0000000000000120
0x00000015d6eff7a8:   00000015d5aff628 0000000600000002
0x00000015d6eff7b8:   00000171e3d9d500 00007ff874966c48
0x00000015d6eff7c8:   00000171e3d9d500 00007ff874966e50
0x00000015d6eff7d8:   0000000000000006 0000000000000000
0x00000015d6eff7e8:   0000000000000000 0000000000000000
0x00000015d6eff7f8:   00008c6673ed2d84 0000000000000000
0x00000015d6eff808:   00000171eb5104f0 0000000000000000
0x00000015d6eff818:   0000000000000000 00000015d5afed30
0x00000015d6eff828:   00000171eb5104f0 0000000000000000
0x00000015d6eff838:   00007ff8748177db 0000000000000007
0x00000015d6eff848:   0000000000000000 0000000000000007
0x00000015d6eff858:   00000015d5afed30 00000000000075a3
0x00000015d6eff868:   00007ff874817826 00000171eb5104f0
0x00000015d6eff878:   00000015ffffffff 00000171c91984b0
0x00000015d6eff888:   0000000000000000 00000171eb5104f0
0x00000015d6eff898:   00007ff87479979c 00000171eb5104f0
0x00000015d6eff8a8:   00007ff87479eeca 0000000000000000
0x00000015d6eff8b8:   00007ff92183c98b 0000000000000000
0x00000015d6eff8c8:   0000000000000000 0000000000000000 

Instructions: (pc=0x00007ff87429a1bb)
0x00007ff87429a0bb:   ff 7f 0f 4e c1 33 d2 89 85 04 02 00 00 f7 73 08
0x00007ff87429a0cb:   eb b3 41 8b c1 48 8d 34 c5 00 00 00 00 48 8b 43
0x00007ff87429a0db:   10 48 8b 0c 06 8b 81 00 01 00 00 44 8b 91 80 00
0x00007ff87429a0eb:   00 00 44 2b d0 8b c2 41 81 e2 ff ff 01 00 41 81
0x00007ff87429a0fb:   fa ff ff 01 00 45 0f 44 d4 48 8d 3c c5 00 00 00
0x00007ff87429a10b:   00 48 8b 43 10 48 8b 0c 07 8b 81 00 01 00 00 44
0x00007ff87429a11b:   8b 81 80 00 00 00 44 2b c0 32 c0 41 81 e0 ff ff
0x00007ff87429a12b:   01 00 41 81 f8 ff ff 01 00 45 0f 44 c4 45 3b c2
0x00007ff87429a13b:   76 6a 48 8b 43 10 48 8b 3c 07 48 8b b7 00 01 00
0x00007ff87429a14b:   00 90 8b 87 80 00 00 00 2b c6 25 ff ff 01 00 3d
0x00007ff87429a15b:   ff ff 01 00 41 0f 44 c4 85 c0 75 10 ba ff ff ff
0x00007ff87429a16b:   ff 89 95 00 02 00 00 e9 3f 01 00 00 48 8b 87 80
0x00007ff87429a17b:   01 00 00 44 8d 56 01 8b ce 4c 8b ce 49 c1 e9 20
0x00007ff87429a18b:   41 81 e2 ff ff 01 00 48 8b 0c c8 49 89 0f 41 8b
0x00007ff87429a19b:   cc 0f 94 c1 44 03 c9 41 8b ca eb 70 45 85 d2 0f
0x00007ff87429a1ab:   84 81 00 00 00 48 8b 43 10 41 8b d1 48 8b 3c 06
0x00007ff87429a1bb:   48 8b b7 00 01 00 00 90 8b 87 80 00 00 00 2b c6
0x00007ff87429a1cb:   25 ff ff 01 00 3d ff ff 01 00 41 0f 44 c4 85 c0
0x00007ff87429a1db:   75 10 ba ff ff ff ff 89 95 00 02 00 00 e9 c9 00
0x00007ff87429a1eb:   00 00 48 8b 87 80 01 00 00 45 8b c4 8b ce 4c 8b
0x00007ff87429a1fb:   ce 48 8b 0c c8 49 89 0f 8d 4e 01 81 e1 ff ff 01
0x00007ff87429a20b:   00 41 0f 94 c0 49 c1 e9 20 45 03 c8 49 c1 e1 20
0x00007ff87429a21b:   48 8b c6 4c 0b c9 f0 4c 0f b1 8f 00 01 00 00 0f
0x00007ff87429a22b:   94 c0 84 c0 75 05 ba ff ff ff ff 89 95 00 02 00
0x00007ff87429a23b:   00 eb 78 75 7a 48 8b 43 10 41 8d 4b ff 83 e1 01
0x00007ff87429a24b:   4c 8b 14 c8 49 8b ba 00 01 00 00 90 41 8b 82 80
0x00007ff87429a25b:   00 00 00 2b c7 25 ff ff 01 00 3d ff ff 01 00 41
0x00007ff87429a26b:   0f 44 c4 85 c0 74 44 49 8b 82 80 01 00 00 44 8d
0x00007ff87429a27b:   4f 01 8b cf 4c 8b c7 49 c1 e8 20 41 81 e1 ff ff
0x00007ff87429a28b:   01 00 48 8b 0c c8 48 8b c7 49 89 0f 41 8b cc 0f
0x00007ff87429a29b:   94 c1 44 03 c1 41 8b c9 49 c1 e0 20 4c 0b c1 f0
0x00007ff87429a2ab:   4d 0f b1 82 00 01 00 00 0f 94 c0 84 c0 75 2b 8b 


Stack slot to memory mapping:
stack at sp + 0 slots: 0x00000015d5afee78 points into unknown readable memory: 0x00007ff80000000d | 0d 00 00 00 f8 7f 00 00
stack at sp + 1 slots: 0x0000000000000006 is an unknown value
stack at sp + 2 slots: 0x0000000000000010 is an unknown value
stack at sp + 3 slots: 0x00000000c4d88508 is an oop: java.util.HashMap$Node 
{0x00000000c4d88508} - klass: 'java/util/HashMap$Node'
 - ---- fields (total size 4 words):
 - final 'hash' 'I' @12  1692653567 (64e3d7ff)
 - final 'key' 'Ljava/lang/Object;' @16  a 'org/eclipse/jdt/internal/core/SourceType'{0x00000000c4d882f0} (c4d882f0)
 - 'value' 'Ljava/lang/Object;' @20  a 'org/eclipse/jdt/internal/core/SourceTypeElementInfo'{0x00000000c4d88528} (c4d88528)
 - 'next' 'Ljava/util/HashMap$Node;' @24  a 'java/util/HashMap$Node'{0x00000000c52bca90} (c52bca90)
stack at sp + 4 slots: 0x00007ff87466e1e8 jvm.dll
stack at sp + 5 slots: 0x00000171e3d9d500 points into unknown readable memory: 0x00000171c8fc0150 | 50 01 fc c8 71 01 00 00
stack at sp + 6 slots: 0x00007ff874ae5840 jvm.dll
stack at sp + 7 slots: 0x00000000c4e76140 is pointing into object: [Ljava.util.HashMap$Node; 
{0x00000000c4e40130} - klass: 'java/util/HashMap$Node'[]
 - length: 65536


---------------  P R O C E S S  ---------------

Threads class SMR info:
_java_thread_list=0x00000171f2ef8320, length=79, elements={
0x00000171c919b070, 0x00000171e3e4c220, 0x00000171e3e4d0a0, 0x00000171e5739b50,
0x00000171e573a6e0, 0x00000171e573bb00, 0x00000171e57401e0, 0x00000171e574cb70,
0x00000171e574dd10, 0x00000171e575f670, 0x00000171e5840cc0, 0x00000171e5843030,
0x00000171e5842100, 0x00000171e5843540, 0x00000171e5843f60, 0x00000171e58407b0,
0x00000171e58411d0, 0x00000171e58416e0, 0x00000171e5842b20, 0x00000171ebb12aa0,
0x00000171ebb12fb0, 0x00000171ebb194f0, 0x00000171ebb12080, 0x00000171ebb17ba0,
0x00000171ebb19a00, 0x00000171ebb16760, 0x00000171ebb18fe0, 0x00000171ebb17180,
0x00000171ebb12590, 0x00000171ebb15320, 0x00000171ebb14900, 0x00000171ebb18ad0,
0x00000171ebb134c0, 0x00000171ebb15d40, 0x00000171ebb16250, 0x00000171ebb16c70,
0x00000171ebb139d0, 0x00000171ebb17690, 0x00000171ebb13ee0, 0x00000171ee80ab60,
0x00000171ee805a60, 0x00000171ee80bfa0, 0x00000171ee80c4b0, 0x00000171ee809210,
0x00000171ee80b070, 0x00000171ee805550, 0x00000171ee8082e0, 0x00000171ee80a650,
0x00000171ee80ba90, 0x00000171e5841bf0, 0x00000171f05dc6a0, 0x00000171fd418900,
0x00000171fd419320, 0x00000171fd416fb0, 0x00000171fd417ee0, 0x00000171fd414c40,
0x00000171fd415b70, 0x00000171ee805f70, 0x00000171ee806990, 0x00000171ee806ea0,
0x00000171ee8078c0, 0x00000171ee807dd0, 0x00000171ee8087f0, 0x00000171f05d9e20,
0x00000171f05dc190, 0x00000171f05dd5d0, 0x00000171fd4174c0, 0x00000171f386c350,
0x00000171f38695c0, 0x00000171f3869ad0, 0x00000171f386cd70, 0x00000171f386b930,
0x00000171f3868180, 0x00000171f05d7090, 0x00000171f05d9910, 0x00000171f05dad50,
0x00000171f05d7fc0, 0x00000171f05dd0c0, 0x00000171f05d6160
}

Java Threads: ( => current thread )
  0x00000171c919b070 JavaThread "main" [_thread_blocked, id=24220, stack(0x00000015d5800000,0x00000015d5900000)]
  0x00000171e3e4c220 JavaThread "Reference Handler" daemon [_thread_blocked, id=23508, stack(0x00000015d5b00000,0x00000015d5c00000)]
  0x00000171e3e4d0a0 JavaThread "Finalizer" daemon [_thread_blocked, id=1568, stack(0x00000015d5c00000,0x00000015d5d00000)]
  0x00000171e5739b50 JavaThread "Signal Dispatcher" daemon [_thread_blocked, id=12292, stack(0x00000015d5d00000,0x00000015d5e00000)]
  0x00000171e573a6e0 JavaThread "Attach Listener" daemon [_thread_blocked, id=7528, stack(0x00000015d5e00000,0x00000015d5f00000)]
  0x00000171e573bb00 JavaThread "Service Thread" daemon [_thread_blocked, id=21116, stack(0x00000015d5f00000,0x00000015d6000000)]
  0x00000171e57401e0 JavaThread "Monitor Deflation Thread" daemon [_thread_blocked, id=20844, stack(0x00000015d6000000,0x00000015d6100000)]
  0x00000171e574cb70 JavaThread "C2 CompilerThread0" daemon [_thread_blocked, id=3808, stack(0x00000015d6100000,0x00000015d6200000)]
  0x00000171e574dd10 JavaThread "C1 CompilerThread0" daemon [_thread_blocked, id=11448, stack(0x00000015d6200000,0x00000015d6300000)]
  0x00000171e575f670 JavaThread "Sweeper thread" daemon [_thread_blocked, id=17328, stack(0x00000015d6300000,0x00000015d6400000)]
  0x00000171e5840cc0 JavaThread "Common-Cleaner" daemon [_thread_blocked, id=11664, stack(0x00000015d6400000,0x00000015d6500000)]
  0x00000171e5843030 JavaThread "Notification Thread" daemon [_thread_blocked, id=21732, stack(0x00000015d6900000,0x00000015d6a00000)]
  0x00000171e5842100 JavaThread "Active Thread: Equinox Container: 6bbfc7f6-58b5-4296-bb65-d25800923645" [_thread_blocked, id=24344, stack(0x00000015d7100000,0x00000015d7200000)]
  0x00000171e5843540 JavaThread "Refresh Thread: Equinox Container: 6bbfc7f6-58b5-4296-bb65-d25800923645" daemon [_thread_blocked, id=18916, stack(0x00000015d6600000,0x00000015d6700000)]
  0x00000171e5843f60 JavaThread "Framework Event Dispatcher: Equinox Container: 6bbfc7f6-58b5-4296-bb65-d25800923645" daemon [_thread_blocked, id=17064, stack(0x00000015d6b00000,0x00000015d6c00000)]
  0x00000171e58407b0 JavaThread "Start Level: Equinox Container: 6bbfc7f6-58b5-4296-bb65-d25800923645" daemon [_thread_blocked, id=6352, stack(0x00000015d7200000,0x00000015d7300000)]
  0x00000171e58411d0 JavaThread "Bundle File Closer" daemon [_thread_blocked, id=22132, stack(0x00000015d7400000,0x00000015d7500000)]
  0x00000171e58416e0 JavaThread "SCR Component Actor" daemon [_thread_blocked, id=11280, stack(0x00000015d7600000,0x00000015d7700000)]
  0x00000171e5842b20 JavaThread "Worker-JM" [_thread_blocked, id=15424, stack(0x00000015d7c00000,0x00000015d7d00000)]
  0x00000171ebb12aa0 JavaThread "JNA Cleaner" daemon [_thread_blocked, id=8548, stack(0x00000015d7d00000,0x00000015d7e00000)]
  0x00000171ebb12fb0 JavaThread "Java indexing" daemon [_thread_blocked, id=1056, stack(0x00000015d8400000,0x00000015d8500000)]
  0x00000171ebb194f0 JavaThread "Thread-2" daemon [_thread_in_native, id=7852, stack(0x00000015d8900000,0x00000015d8a00000)]
  0x00000171ebb12080 JavaThread "Thread-3" daemon [_thread_in_native, id=4968, stack(0x00000015d8a00000,0x00000015d8b00000)]
  0x00000171ebb17ba0 JavaThread "Thread-4" daemon [_thread_in_native, id=17168, stack(0x00000015d8b00000,0x00000015d8c00000)]
  0x00000171ebb19a00 JavaThread "Thread-5" daemon [_thread_in_native, id=9296, stack(0x00000015d8c00000,0x00000015d8d00000)]
  0x00000171ebb16760 JavaThread "Thread-6" daemon [_thread_in_native, id=13076, stack(0x00000015d8d00000,0x00000015d8e00000)]
  0x00000171ebb18fe0 JavaThread "Thread-7" daemon [_thread_in_native, id=17704, stack(0x00000015d8e00000,0x00000015d8f00000)]
  0x00000171ebb17180 JavaThread "Thread-8" daemon [_thread_in_native, id=21744, stack(0x00000015d8f00000,0x00000015d9000000)]
  0x00000171ebb12590 JavaThread "Thread-9" daemon [_thread_in_native, id=11784, stack(0x00000015d9000000,0x00000015d9100000)]
  0x00000171ebb15320 JavaThread "Thread-10" daemon [_thread_in_native, id=8624, stack(0x00000015d9100000,0x00000015d9200000)]
  0x00000171ebb14900 JavaThread "Thread-11" daemon [_thread_in_native, id=10216, stack(0x00000015d9200000,0x00000015d9300000)]
  0x00000171ebb18ad0 JavaThread "Thread-12" daemon [_thread_in_native, id=9060, stack(0x00000015d9300000,0x00000015d9400000)]
  0x00000171ebb134c0 JavaThread "Thread-13" daemon [_thread_in_native, id=17840, stack(0x00000015d9400000,0x00000015d9500000)]
  0x00000171ebb15d40 JavaThread "Thread-14" daemon [_thread_in_native, id=12544, stack(0x00000015d9500000,0x00000015d9600000)]
  0x00000171ebb16250 JavaThread "Thread-15" daemon [_thread_in_native, id=5972, stack(0x00000015d9600000,0x00000015d9700000)]
  0x00000171ebb16c70 JavaThread "Thread-16" daemon [_thread_in_native, id=3304, stack(0x00000015d9700000,0x00000015d9800000)]
  0x00000171ebb139d0 JavaThread "Thread-17" daemon [_thread_in_native, id=8080, stack(0x00000015d9800000,0x00000015d9900000)]
  0x00000171ebb17690 JavaThread "Thread-18" daemon [_thread_in_native, id=14172, stack(0x00000015d9900000,0x00000015d9a00000)]
  0x00000171ebb13ee0 JavaThread "pool-2-thread-1" [_thread_blocked, id=1448, stack(0x00000015d9a00000,0x00000015d9b00000)]
  0x00000171ee80ab60 JavaThread "WorkspaceEventsHandler" [_thread_blocked, id=22660, stack(0x00000015d9c00000,0x00000015d9d00000)]
  0x00000171ee805a60 JavaThread "pool-1-thread-1" [_thread_blocked, id=23852, stack(0x00000015d9d00000,0x00000015d9e00000)]
  0x00000171ee80bfa0 JavaThread "Timer-0" [_thread_blocked, id=16748, stack(0x00000015da300000,0x00000015da400000)]
  0x00000171ee80c4b0 JavaThread "ForkJoinPool.commonPool-worker-2" daemon [_thread_blocked, id=19764, stack(0x00000015da000000,0x00000015da100000)]
  0x00000171ee809210 JavaThread "ForkJoinPool.commonPool-worker-4" daemon [_thread_blocked, id=13896, stack(0x00000015da500000,0x00000015da600000)]
  0x00000171ee80b070 JavaThread "ForkJoinPool.commonPool-worker-5" daemon [_thread_blocked, id=21056, stack(0x00000015da600000,0x00000015da700000)]
  0x00000171ee805550 JavaThread "ForkJoinPool.commonPool-worker-6" daemon [_thread_blocked, id=12204, stack(0x00000015da700000,0x00000015da800000)]
  0x00000171ee8082e0 JavaThread "ForkJoinPool.commonPool-worker-11" daemon [_thread_blocked, id=14292, stack(0x00000015daf00000,0x00000015db000000)]
  0x00000171ee80a650 JavaThread "ForkJoinPool.commonPool-worker-13" daemon [_thread_blocked, id=4856, stack(0x00000015db100000,0x00000015db200000)]
  0x00000171ee80ba90 JavaThread "ForkJoinPool.commonPool-worker-14" daemon [_thread_blocked, id=8916, stack(0x00000015db200000,0x00000015db300000)]
  0x00000171e5841bf0 JavaThread "ForkJoinPool.commonPool-worker-15" daemon [_thread_blocked, id=16196, stack(0x00000015db300000,0x00000015db400000)]
  0x00000171f05dc6a0 JavaThread "Cleaner-0" daemon [_thread_blocked, id=2100, stack(0x00000015db400000,0x00000015db500000)]
  0x00000171fd418900 JavaThread "ForkJoinPool.commonPool-worker-17" daemon [_thread_blocked, id=7416, stack(0x00000015d8100000,0x00000015d8200000)]
  0x00000171fd419320 JavaThread "ForkJoinPool.commonPool-worker-18" daemon [_thread_blocked, id=25492, stack(0x00000015d5600000,0x00000015d5700000)]
  0x00000171fd416fb0 JavaThread "ForkJoinPool.commonPool-worker-19" daemon [_thread_blocked, id=15760, stack(0x00000015d5700000,0x00000015d5800000)]
  0x00000171fd417ee0 JavaThread "ForkJoinPool.commonPool-worker-20" daemon [_thread_blocked, id=25004, stack(0x00000015d6500000,0x00000015d6600000)]
  0x00000171fd414c40 JavaThread "ForkJoinPool.commonPool-worker-21" daemon [_thread_blocked, id=2704, stack(0x00000015d7300000,0x00000015d7400000)]
  0x00000171fd415b70 JavaThread "Compiler Source File Reader" daemon [_thread_blocked, id=17472, stack(0x00000015d7800000,0x00000015d7900000)]
  0x00000171ee805f70 JavaThread "Worker-14" [_thread_blocked, id=21000, stack(0x00000015d7700000,0x00000015d7800000)]
  0x00000171ee806990 JavaThread "Compiler Source File Reader" daemon [_thread_blocked, id=22672, stack(0x00000015d7e00000,0x00000015d7f00000)]
  0x00000171ee806ea0 JavaThread "Compiler Source File Reader" daemon [_thread_blocked, id=24876, stack(0x00000015d9b00000,0x00000015d9c00000)]
  0x00000171ee8078c0 JavaThread "Compiler Source File Reader" daemon [_thread_blocked, id=8700, stack(0x00000015d9f00000,0x00000015da000000)]
  0x00000171ee807dd0 JavaThread "Compiler Source File Reader" daemon [_thread_blocked, id=17148, stack(0x00000015da100000,0x00000015da200000)]
  0x00000171ee8087f0 JavaThread "Compiler Source File Reader" daemon [_thread_blocked, id=11608, stack(0x00000015da200000,0x00000015da300000)]
  0x00000171f05d9e20 JavaThread "Compiler Source File Reader" daemon [_thread_blocked, id=21220, stack(0x00000015da400000,0x00000015da500000)]
  0x00000171f05dc190 JavaThread "Compiler Source File Reader" daemon [_thread_blocked, id=12824, stack(0x00000015da800000,0x00000015da900000)]
  0x00000171f05dd5d0 JavaThread "Worker-15" [_thread_blocked, id=5776, stack(0x00000015da900000,0x00000015daa00000)]
  0x00000171fd4174c0 JavaThread "Compiler Source File Reader" daemon [_thread_blocked, id=25212, stack(0x00000015dab00000,0x00000015dac00000)]
  0x00000171f386c350 JavaThread "ForkJoinPool.commonPool-worker-22" daemon [_thread_blocked, id=19344, stack(0x00000015d5500000,0x00000015d5600000)]
  0x00000171f38695c0 JavaThread "ForkJoinPool.commonPool-worker-23" daemon [_thread_blocked, id=20148, stack(0x00000015d8000000,0x00000015d8100000)]
  0x00000171f3869ad0 JavaThread "Worker-18" [_thread_blocked, id=20196, stack(0x00000015d8200000,0x00000015d8300000)]
  0x00000171f386cd70 JavaThread "Compiler Processing Task" daemon [_thread_blocked, id=24208, stack(0x00000015d8800000,0x00000015d8900000)]
  0x00000171f386b930 JavaThread "Worker-19" [_thread_blocked, id=10148, stack(0x00000015d9e00000,0x00000015d9f00000)]
  0x00000171f3868180 JavaThread "Worker-20" [_thread_blocked, id=9032, stack(0x00000015daa00000,0x00000015dab00000)]
  0x00000171f05d7090 JavaThread "Compiler Source File Reader" daemon [_thread_blocked, id=5228, stack(0x00000015dad00000,0x00000015dae00000)]
  0x00000171f05d9910 JavaThread "Compiler Source File Reader" daemon [_thread_blocked, id=12164, stack(0x00000015d8300000,0x00000015d8400000)]
  0x00000171f05dad50 JavaThread "Compiler Source File Reader" daemon [_thread_blocked, id=14412, stack(0x00000015d8500000,0x00000015d8600000)]
  0x00000171f05d7fc0 JavaThread "Compiler Source File Reader" daemon [_thread_blocked, id=19636, stack(0x00000015dac00000,0x00000015dad00000)]
  0x00000171f05dd0c0 JavaThread "Compiler Source File Reader" daemon [_thread_blocked, id=16164, stack(0x00000015d8600000,0x00000015d8700000)]
  0x00000171f05d6160 JavaThread "pool-1-thread-13" [_thread_blocked, id=24332, stack(0x00000015d8700000,0x00000015d8800000)]

Other Threads:
  0x00000171e3e483f0 VMThread "VM Thread" [stack: 0x00000015d5a00000,0x00000015d5b00000] [id=19796]
  0x00000171e5a163d0 WatcherThread [stack: 0x00000015d6a00000,0x00000015d6b00000] [id=17096]
  0x00000171c91b1450 GCTaskThread "GC Thread#0" [stack: 0x00000015d5900000,0x00000015d5a00000] [id=5044]
  0x00000171eb50db40 GCTaskThread "GC Thread#1" [stack: 0x00000015d6c00000,0x00000015d6d00000] [id=5096]
  0x00000171eb510230 GCTaskThread "GC Thread#2" [stack: 0x00000015d6d00000,0x00000015d6e00000] [id=14128]
=>0x00000171eb5104f0 GCTaskThread "GC Thread#3" [stack: 0x00000015d6e00000,0x00000015d6f00000] [id=4384]
  0x00000171eb5107b0 GCTaskThread "GC Thread#4" [stack: 0x00000015d6f00000,0x00000015d7000000] [id=7092]
  0x00000171eb510e80 GCTaskThread "GC Thread#5" [stack: 0x00000015d7000000,0x00000015d7100000] [id=10136]
  0x00000171eb9d1160 GCTaskThread "GC Thread#6" [stack: 0x00000015d6700000,0x00000015d6800000] [id=13240]
  0x00000171eb9c9680 GCTaskThread "GC Thread#7" [stack: 0x00000015d6800000,0x00000015d6900000] [id=11424]
  0x00000171ebde4fc0 GCTaskThread "GC Thread#8" [stack: 0x00000015d7500000,0x00000015d7600000] [id=1512]
  0x00000171e5819c10 GCTaskThread "GC Thread#9" [stack: 0x00000015d7900000,0x00000015d7a00000] [id=15460]
  0x00000171ebdd2fc0 GCTaskThread "GC Thread#10" [stack: 0x00000015d7a00000,0x00000015d7b00000] [id=15372]
  0x00000171ebdd3280 GCTaskThread "GC Thread#11" [stack: 0x00000015d7b00000,0x00000015d7c00000] [id=2120]
  0x00000171ebb48b70 GCTaskThread "GC Thread#12" [stack: 0x00000015d7f00000,0x00000015d8000000] [id=9464]

Threads with active compile tasks:

VM state: at safepoint (normal execution)

VM Mutex/Monitor currently owned by a thread:  ([mutex/lock_event])
[0x00000171c9198420] Threads_lock - owner thread: 0x00000171e3e483f0
[0x00000171c9196fe0] Heap_lock - owner thread: 0x00000171fd417ee0

Heap address: 0x00000000c0000000, size: 1024 MB, Compressed Oops mode: 32-bit

CDS archive(s) mapped at: [0x0000017180000000-0x0000017180bb0000-0x0000017180bb0000), size 12255232, SharedBaseAddress: 0x0000017180000000, ArchiveRelocationMode: 1.
Compressed class space mapped at: 0x0000017181000000-0x00000171c1000000, reserved size: 1073741824
Narrow klass base: 0x0000017180000000, Narrow klass shift: 0, Narrow klass range: 0x100000000

GC Precious Log:
 CPUs: 16 total, 16 available
 Memory: 16314M
 Large Page Support: Disabled
 NUMA Support: Disabled
 Compressed Oops: Enabled (32-bit)
 Alignments: Space 512K, Generation 512K, Heap 2M
 Heap Min Capacity: 100M
 Heap Initial Capacity: 100M
 Heap Max Capacity: 1G
 Pre-touch: Disabled
 Parallel Workers: 13

Heap:
 PSYoungGen      total 3072K, used 2592K [0x00000000eab00000, 0x00000000eaf00000, 0x0000000100000000)
  eden space 2048K, 100% used [0x00000000eab00000,0x00000000ead00000,0x00000000ead00000)
  from space 1024K, 53% used [0x00000000ead00000,0x00000000ead88020,0x00000000eae00000)
  to   space 1024K, 0% used [0x00000000eae00000,0x00000000eae00000,0x00000000eaf00000)
 ParOldGen       total 127488K, used 126985K [0x00000000c0000000, 0x00000000c7c80000, 0x00000000eab00000)
  object space 127488K, 99% used [0x00000000c0000000,0x00000000c7c02678,0x00000000c7c80000)
 Metaspace       used 96163K, committed 97344K, reserved 1179648K
  class space    used 9875K, committed 10432K, reserved 1048576K

Card table byte_map: [0x00000171e16c0000,0x00000171e18d0000] _byte_map_base: 0x00000171e10c0000

Marking Bits: (ParMarkBitMap*) 0x00007ff874b56950
 Begin Bits: [0x00000171e1a30000, 0x00000171e2a30000)
 End Bits:   [0x00000171e2a30000, 0x00000171e3a30000)

Polling page: 0x00000171d24b0000

Metaspace:

Usage:
  Non-class:     84.27 MB used.
      Class:      9.64 MB used.
       Both:     93.91 MB used.

Virtual space:
  Non-class space:      128.00 MB reserved,      84.88 MB ( 66%) committed,  2 nodes.
      Class space:        1.00 GB reserved,      10.19 MB ( <1%) committed,  1 nodes.
             Both:        1.12 GB reserved,      95.06 MB (  8%) committed. 

Chunk freelists:
   Non-Class:  11.05 MB
       Class:  5.85 MB
        Both:  16.89 MB

MaxMetaspaceSize: unlimited
CompressedClassSpaceSize: 1.00 GB
Initial GC threshold: 21.00 MB
Current GC threshold: 158.38 MB
CDS: on
MetaspaceReclaimPolicy: balanced
 - commit_granule_bytes: 65536.
 - commit_granule_words: 8192.
 - virtual_space_node_default_size: 8388608.
 - enlarge_chunks_in_place: 1.
 - new_chunks_are_fully_committed: 0.
 - uncommit_free_chunks: 1.
 - use_allocation_guard: 0.
 - handle_deallocations: 1.


Internal statistics:

num_allocs_failed_limit: 13.
num_arena_births: 1236.
num_arena_deaths: 450.
num_vsnodes_births: 3.
num_vsnodes_deaths: 0.
num_space_committed: 1521.
num_space_uncommitted: 0.
num_chunks_returned_to_freelist: 568.
num_chunks_taken_from_freelist: 5768.
num_chunk_merges: 198.
num_chunk_splits: 3434.
num_chunks_enlarged: 1929.
num_inconsistent_stats: 0.

CodeHeap 'non-profiled nmethods': size=119168Kb used=30634Kb max_used=30634Kb free=88533Kb
 bounds [0x00000171da070000, 0x00000171dbe60000, 0x00000171e14d0000]
CodeHeap 'profiled nmethods': size=119104Kb used=42576Kb max_used=42576Kb free=76527Kb
 bounds [0x00000171d24d0000, 0x00000171d4e80000, 0x00000171d9920000]
CodeHeap 'non-nmethods': size=7488Kb used=1466Kb max_used=3387Kb free=6021Kb
 bounds [0x00000171d9920000, 0x00000171d9c80000, 0x00000171da070000]
 total_blobs=21258 nmethods=20437 adapters=727
 compilation: enabled
              stopped_count=0, restarted_count=0
 full_count=0

Compilation events (20 events):
Event: 36636.646 Thread 0x00000171e574cb70 29837       4       java.text.DigitList::set (176 bytes)
Event: 36636.649 Thread 0x00000171e574cb70 nmethod 29837 0x00000171dbe54310 code [0x00000171dbe544a0, 0x00000171dbe54918]
Event: 36637.092 Thread 0x00000171e574cb70 29838       4       org.eclipse.jdt.ls.core.internal.handlers.InlayHintVisitor::visit (32 bytes)
Event: 36637.098 Thread 0x00000171e574cb70 nmethod 29838 0x00000171dbe54a90 code [0x00000171dbe54cc0, 0x00000171dbe55470]
Event: 36638.264 Thread 0x00000171e574dd10 29839       3       org.eclipse.jdt.internal.codeassist.impl.AssistParser::consumeMethodDeclaration (85 bytes)
Event: 36638.264 Thread 0x00000171e574dd10 nmethod 29839 0x00000171d4e63410 code [0x00000171d4e635e0, 0x00000171d4e63a88]
Event: 36644.324 Thread 0x00000171e574cb70 29840       4       org.eclipse.jdt.internal.compiler.util.ObjectVector::copyInto (15 bytes)
Event: 36644.325 Thread 0x00000171e574cb70 nmethod 29840 0x00000171dbe55c90 code [0x00000171dbe55e20, 0x00000171dbe56018]
Event: 36645.035 Thread 0x00000171e574cb70 29841       4       org.eclipse.jdt.internal.compiler.SourceElementParser::getTypeReference (765 bytes)
Event: 36645.129 Thread 0x00000171e574cb70 nmethod 29841 0x00000171dbe56110 code [0x00000171dbe56440, 0x00000171dbe58a40]
Event: 36645.173 Thread 0x00000171e574dd10 29842       3       org.eclipse.jdt.internal.compiler.parser.Scanner::scanIdentifierOrKeyword (271 bytes)
Event: 36645.174 Thread 0x00000171e574dd10 nmethod 29842 0x00000171d4e63c10 code [0x00000171d4e63ea0, 0x00000171d4e64b58]
Event: 36645.512 Thread 0x00000171e574dd10 29843       3       org.eclipse.jdt.internal.compiler.parser.Scanner::checkTaskTag (937 bytes)
Event: 36645.513 Thread 0x00000171e574dd10 nmethod 29843 0x00000171d4e64f10 code [0x00000171d4e65380, 0x00000171d4e683e8]
Event: 36645.975 Thread 0x00000171e574cb70 29844       4       org.eclipse.jdt.internal.compiler.parser.Scanner::scanIdentifierOrKeyword (271 bytes)
Event: 36645.977 Thread 0x00000171e574cb70 nmethod 29844 0x00000171dbe5a390 code [0x00000171dbe5a560, 0x00000171dbe5a840]
Event: 36646.909 Thread 0x00000171e574dd10 29845 %     3       org.eclipse.jdt.internal.compiler.parser.Scanner::checkTaskTag @ 51 (937 bytes)
Event: 36646.911 Thread 0x00000171e574dd10 nmethod 29845% 0x00000171d4e69610 code [0x00000171d4e69aa0, 0x00000171d4e6ce48]
Event: 36647.387 Thread 0x00000171e574dd10 29846   !   3       org.eclipse.jdt.core.manipulation.CoreASTProvider::getAST (588 bytes)
Event: 36647.388 Thread 0x00000171e574dd10 nmethod 29846 0x00000171d4e6e190 code [0x00000171d4e6e880, 0x00000171d4e716d8]

GC Heap History (20 events):
Event: 36646.916 GC heap after
{Heap after GC invocations=12691 (full 348):
 PSYoungGen      total 3072K, used 1024K [0x00000000eab00000, 0x00000000eb080000, 0x0000000100000000)
  eden space 2048K, 0% used [0x00000000eab00000,0x00000000eab00000,0x00000000ead00000)
  from space 1024K, 100% used [0x00000000eae80000,0x00000000eaf80000,0x00000000eaf80000)
  to   space 1536K, 0% used [0x00000000ead00000,0x00000000ead00000,0x00000000eae80000)
 ParOldGen       total 127488K, used 121898K [0x00000000c0000000, 0x00000000c7c80000, 0x00000000eab00000)
  object space 127488K, 95% used [0x00000000c0000000,0x00000000c770a8f8,0x00000000c7c80000)
 Metaspace       used 96163K, committed 97344K, reserved 1179648K
  class space    used 9875K, committed 10432K, reserved 1048576K
}
Event: 36646.918 GC heap before
{Heap before GC invocations=12692 (full 348):
 PSYoungGen      total 3072K, used 3072K [0x00000000eab00000, 0x00000000eb080000, 0x0000000100000000)
  eden space 2048K, 100% used [0x00000000eab00000,0x00000000ead00000,0x00000000ead00000)
  from space 1024K, 100% used [0x00000000eae80000,0x00000000eaf80000,0x00000000eaf80000)
  to   space 1536K, 0% used [0x00000000ead00000,0x00000000ead00000,0x00000000eae80000)
 ParOldGen       total 127488K, used 121898K [0x00000000c0000000, 0x00000000c7c80000, 0x00000000eab00000)
  object space 127488K, 95% used [0x00000000c0000000,0x00000000c770a8f8,0x00000000c7c80000)
 Metaspace       used 96163K, committed 97344K, reserved 1179648K
  class space    used 9875K, committed 10432K, reserved 1048576K
}
Event: 36646.919 GC heap after
{Heap after GC invocations=12692 (full 348):
 PSYoungGen      total 3072K, used 704K [0x00000000eab00000, 0x00000000eaf00000, 0x0000000100000000)
  eden space 2048K, 0% used [0x00000000eab00000,0x00000000eab00000,0x00000000ead00000)
  from space 1024K, 68% used [0x00000000ead00000,0x00000000eadb0000,0x00000000eae00000)
  to   space 1024K, 0% used [0x00000000eae00000,0x00000000eae00000,0x00000000eaf00000)
 ParOldGen       total 127488K, used 122934K [0x00000000c0000000, 0x00000000c7c80000, 0x00000000eab00000)
  object space 127488K, 96% used [0x00000000c0000000,0x00000000c780d848,0x00000000c7c80000)
 Metaspace       used 96163K, committed 97344K, reserved 1179648K
  class space    used 9875K, committed 10432K, reserved 1048576K
}
Event: 36647.113 GC heap before
{Heap before GC invocations=12693 (full 348):
 PSYoungGen      total 3072K, used 2752K [0x00000000eab00000, 0x00000000eaf00000, 0x0000000100000000)
  eden space 2048K, 100% used [0x00000000eab00000,0x00000000ead00000,0x00000000ead00000)
  from space 1024K, 68% used [0x00000000ead00000,0x00000000eadb0000,0x00000000eae00000)
  to   space 1024K, 0% used [0x00000000eae00000,0x00000000eae00000,0x00000000eaf00000)
 ParOldGen       total 127488K, used 122934K [0x00000000c0000000, 0x00000000c7c80000, 0x00000000eab00000)
  object space 127488K, 96% used [0x00000000c0000000,0x00000000c780d848,0x00000000c7c80000)
 Metaspace       used 96163K, committed 97344K, reserved 1179648K
  class space    used 9875K, committed 10432K, reserved 1048576K
}
Event: 36647.114 GC heap after
{Heap after GC invocations=12693 (full 348):
 PSYoungGen      total 3072K, used 544K [0x00000000eab00000, 0x00000000eaf00000, 0x0000000100000000)
  eden space 2048K, 0% used [0x00000000eab00000,0x00000000eab00000,0x00000000ead00000)
  from space 1024K, 53% used [0x00000000eae00000,0x00000000eae88000,0x00000000eaf00000)
  to   space 1024K, 0% used [0x00000000ead00000,0x00000000ead00000,0x00000000eae00000)
 ParOldGen       total 127488K, used 123454K [0x00000000c0000000, 0x00000000c7c80000, 0x00000000eab00000)
  object space 127488K, 96% used [0x00000000c0000000,0x00000000c788f848,0x00000000c7c80000)
 Metaspace       used 96163K, committed 97344K, reserved 1179648K
  class space    used 9875K, committed 10432K, reserved 1048576K
}
Event: 36647.116 GC heap before
{Heap before GC invocations=12694 (full 348):
 PSYoungGen      total 3072K, used 2592K [0x00000000eab00000, 0x00000000eaf00000, 0x0000000100000000)
  eden space 2048K, 100% used [0x00000000eab00000,0x00000000ead00000,0x00000000ead00000)
  from space 1024K, 53% used [0x00000000eae00000,0x00000000eae88000,0x00000000eaf00000)
  to   space 1024K, 0% used [0x00000000ead00000,0x00000000ead00000,0x00000000eae00000)
 ParOldGen       total 127488K, used 123454K [0x00000000c0000000, 0x00000000c7c80000, 0x00000000eab00000)
  object space 127488K, 96% used [0x00000000c0000000,0x00000000c788f848,0x00000000c7c80000)
 Metaspace       used 96163K, committed 97344K, reserved 1179648K
  class space    used 9875K, committed 10432K, reserved 1048576K
}
Event: 36647.117 GC heap after
{Heap after GC invocations=12694 (full 348):
 PSYoungGen      total 3072K, used 720K [0x00000000eab00000, 0x00000000eaf00000, 0x0000000100000000)
  eden space 2048K, 0% used [0x00000000eab00000,0x00000000eab00000,0x00000000ead00000)
  from space 1024K, 70% used [0x00000000ead00000,0x00000000eadb4030,0x00000000eae00000)
  to   space 1024K, 0% used [0x00000000eae00000,0x00000000eae00000,0x00000000eaf00000)
 ParOldGen       total 127488K, used 123830K [0x00000000c0000000, 0x00000000c7c80000, 0x00000000eab00000)
  object space 127488K, 97% used [0x00000000c0000000,0x00000000c78ed848,0x00000000c7c80000)
 Metaspace       used 96163K, committed 97344K, reserved 1179648K
  class space    used 9875K, committed 10432K, reserved 1048576K
}
Event: 36647.119 GC heap before
{Heap before GC invocations=12695 (full 348):
 PSYoungGen      total 3072K, used 2768K [0x00000000eab00000, 0x00000000eaf00000, 0x0000000100000000)
  eden space 2048K, 100% used [0x00000000eab00000,0x00000000ead00000,0x00000000ead00000)
  from space 1024K, 70% used [0x00000000ead00000,0x00000000eadb4030,0x00000000eae00000)
  to   space 1024K, 0% used [0x00000000eae00000,0x00000000eae00000,0x00000000eaf00000)
 ParOldGen       total 127488K, used 123830K [0x00000000c0000000, 0x00000000c7c80000, 0x00000000eab00000)
  object space 127488K, 97% used [0x00000000c0000000,0x00000000c78ed848,0x00000000c7c80000)
 Metaspace       used 96163K, committed 97344K, reserved 1179648K
  class space    used 9875K, committed 10432K, reserved 1048576K
}
Event: 36647.120 GC heap after
{Heap after GC invocations=12695 (full 348):
 PSYoungGen      total 3072K, used 704K [0x00000000eab00000, 0x00000000eaf00000, 0x0000000100000000)
  eden space 2048K, 0% used [0x00000000eab00000,0x00000000eab00000,0x00000000ead00000)
  from space 1024K, 68% used [0x00000000eae00000,0x00000000eaeb0000,0x00000000eaf00000)
  to   space 1024K, 0% used [0x00000000ead00000,0x00000000ead00000,0x00000000eae00000)
 ParOldGen       total 127488K, used 124354K [0x00000000c0000000, 0x00000000c7c80000, 0x00000000eab00000)
  object space 127488K, 97% used [0x00000000c0000000,0x00000000c7970b88,0x00000000c7c80000)
 Metaspace       used 96163K, committed 97344K, reserved 1179648K
  class space    used 9875K, committed 10432K, reserved 1048576K
}
Event: 36647.260 GC heap before
{Heap before GC invocations=12696 (full 348):
 PSYoungGen      total 3072K, used 2751K [0x00000000eab00000, 0x00000000eaf00000, 0x0000000100000000)
  eden space 2048K, 99% used [0x00000000eab00000,0x00000000eacfffc8,0x00000000ead00000)
  from space 1024K, 68% used [0x00000000eae00000,0x00000000eaeb0000,0x00000000eaf00000)
  to   space 1024K, 0% used [0x00000000ead00000,0x00000000ead00000,0x00000000eae00000)
 ParOldGen       total 127488K, used 124354K [0x00000000c0000000, 0x00000000c7c80000, 0x00000000eab00000)
  object space 127488K, 97% used [0x00000000c0000000,0x00000000c7970b88,0x00000000c7c80000)
 Metaspace       used 96163K, committed 97344K, reserved 1179648K
  class space    used 9875K, committed 10432K, reserved 1048576K
}
Event: 36647.261 GC heap after
{Heap after GC invocations=12696 (full 348):
 PSYoungGen      total 3072K, used 672K [0x00000000eab00000, 0x00000000eaf00000, 0x0000000100000000)
  eden space 2048K, 0% used [0x00000000eab00000,0x00000000eab00000,0x00000000ead00000)
  from space 1024K, 65% used [0x00000000ead00000,0x00000000eada8000,0x00000000eae00000)
  to   space 1024K, 0% used [0x00000000eae00000,0x00000000eae00000,0x00000000eaf00000)
 ParOldGen       total 127488K, used 124906K [0x00000000c0000000, 0x00000000c7c80000, 0x00000000eab00000)
  object space 127488K, 97% used [0x00000000c0000000,0x00000000c79fab88,0x00000000c7c80000)
 Metaspace       used 96163K, committed 97344K, reserved 1179648K
  class space    used 9875K, committed 10432K, reserved 1048576K
}
Event: 36647.339 GC heap before
{Heap before GC invocations=12697 (full 348):
 PSYoungGen      total 3072K, used 2720K [0x00000000eab00000, 0x00000000eaf00000, 0x0000000100000000)
  eden space 2048K, 100% used [0x00000000eab00000,0x00000000ead00000,0x00000000ead00000)
  from space 1024K, 65% used [0x00000000ead00000,0x00000000eada8000,0x00000000eae00000)
  to   space 1024K, 0% used [0x00000000eae00000,0x00000000eae00000,0x00000000eaf00000)
 ParOldGen       total 127488K, used 124906K [0x00000000c0000000, 0x00000000c7c80000, 0x00000000eab00000)
  object space 127488K, 97% used [0x00000000c0000000,0x00000000c79fab88,0x00000000c7c80000)
 Metaspace       used 96163K, committed 97344K, reserved 1179648K
  class space    used 9875K, committed 10432K, reserved 1048576K
}
Event: 36647.340 GC heap after
{Heap after GC invocations=12697 (full 348):
 PSYoungGen      total 3072K, used 528K [0x00000000eab00000, 0x00000000eaf00000, 0x0000000100000000)
  eden space 2048K, 0% used [0x00000000eab00000,0x00000000eab00000,0x00000000ead00000)
  from space 1024K, 51% used [0x00000000eae00000,0x00000000eae84030,0x00000000eaf00000)
  to   space 1024K, 0% used [0x00000000ead00000,0x00000000ead00000,0x00000000eae00000)
 ParOldGen       total 127488K, used 125419K [0x00000000c0000000, 0x00000000c7c80000, 0x00000000eab00000)
  object space 127488K, 98% used [0x00000000c0000000,0x00000000c7a7ae28,0x00000000c7c80000)
 Metaspace       used 96163K, committed 97344K, reserved 1179648K
  class space    used 9875K, committed 10432K, reserved 1048576K
}
Event: 36647.343 GC heap before
{Heap before GC invocations=12698 (full 348):
 PSYoungGen      total 3072K, used 2576K [0x00000000eab00000, 0x00000000eaf00000, 0x0000000100000000)
  eden space 2048K, 100% used [0x00000000eab00000,0x00000000ead00000,0x00000000ead00000)
  from space 1024K, 51% used [0x00000000eae00000,0x00000000eae84030,0x00000000eaf00000)
  to   space 1024K, 0% used [0x00000000ead00000,0x00000000ead00000,0x00000000eae00000)
 ParOldGen       total 127488K, used 125419K [0x00000000c0000000, 0x00000000c7c80000, 0x00000000eab00000)
  object space 127488K, 98% used [0x00000000c0000000,0x00000000c7a7ae28,0x00000000c7c80000)
 Metaspace       used 96163K, committed 97344K, reserved 1179648K
  class space    used 9875K, committed 10432K, reserved 1048576K
}
Event: 36647.343 GC heap after
{Heap after GC invocations=12698 (full 348):
 PSYoungGen      total 3072K, used 736K [0x00000000eab00000, 0x00000000eaf00000, 0x0000000100000000)
  eden space 2048K, 0% used [0x00000000eab00000,0x00000000eab00000,0x00000000ead00000)
  from space 1024K, 71% used [0x00000000ead00000,0x00000000eadb8000,0x00000000eae00000)
  to   space 1024K, 0% used [0x00000000eae00000,0x00000000eae00000,0x00000000eaf00000)
 ParOldGen       total 127488K, used 125803K [0x00000000c0000000, 0x00000000c7c80000, 0x00000000eab00000)
  object space 127488K, 98% used [0x00000000c0000000,0x00000000c7adaec8,0x00000000c7c80000)
 Metaspace       used 96163K, committed 97344K, reserved 1179648K
  class space    used 9875K, committed 10432K, reserved 1048576K
}
Event: 36647.346 GC heap before
{Heap before GC invocations=12699 (full 348):
 PSYoungGen      total 3072K, used 2784K [0x00000000eab00000, 0x00000000eaf00000, 0x0000000100000000)
  eden space 2048K, 100% used [0x00000000eab00000,0x00000000ead00000,0x00000000ead00000)
  from space 1024K, 71% used [0x00000000ead00000,0x00000000eadb8000,0x00000000eae00000)
  to   space 1024K, 0% used [0x00000000eae00000,0x00000000eae00000,0x00000000eaf00000)
 ParOldGen       total 127488K, used 125803K [0x00000000c0000000, 0x00000000c7c80000, 0x00000000eab00000)
  object space 127488K, 98% used [0x00000000c0000000,0x00000000c7adaec8,0x00000000c7c80000)
 Metaspace       used 96163K, committed 97344K, reserved 1179648K
  class space    used 9875K, committed 10432K, reserved 1048576K
}
Event: 36647.347 GC heap after
{Heap after GC invocations=12699 (full 348):
 PSYoungGen      total 3072K, used 768K [0x00000000eab00000, 0x00000000eaf00000, 0x0000000100000000)
  eden space 2048K, 0% used [0x00000000eab00000,0x00000000eab00000,0x00000000ead00000)
  from space 1024K, 75% used [0x00000000eae00000,0x00000000eaec0000,0x00000000eaf00000)
  to   space 1024K, 0% used [0x00000000ead00000,0x00000000ead00000,0x00000000eae00000)
 ParOldGen       total 127488K, used 126375K [0x00000000c0000000, 0x00000000c7c80000, 0x00000000eab00000)
  object space 127488K, 99% used [0x00000000c0000000,0x00000000c7b69ed8,0x00000000c7c80000)
 Metaspace       used 96163K, committed 97344K, reserved 1179648K
  class space    used 9875K, committed 10432K, reserved 1048576K
}
Event: 36647.504 GC heap before
{Heap before GC invocations=12700 (full 348):
 PSYoungGen      total 3072K, used 2816K [0x00000000eab00000, 0x00000000eaf00000, 0x0000000100000000)
  eden space 2048K, 100% used [0x00000000eab00000,0x00000000ead00000,0x00000000ead00000)
  from space 1024K, 75% used [0x00000000eae00000,0x00000000eaec0000,0x00000000eaf00000)
  to   space 1024K, 0% used [0x00000000ead00000,0x00000000ead00000,0x00000000eae00000)
 ParOldGen       total 127488K, used 126375K [0x00000000c0000000, 0x00000000c7c80000, 0x00000000eab00000)
  object space 127488K, 99% used [0x00000000c0000000,0x00000000c7b69ed8,0x00000000c7c80000)
 Metaspace       used 96163K, committed 97344K, reserved 1179648K
  class space    used 9875K, committed 10432K, reserved 1048576K
}
Event: 36647.504 GC heap after
{Heap after GC invocations=12700 (full 348):
 PSYoungGen      total 3072K, used 544K [0x00000000eab00000, 0x00000000eaf00000, 0x0000000100000000)
  eden space 2048K, 0% used [0x00000000eab00000,0x00000000eab00000,0x00000000ead00000)
  from space 1024K, 53% used [0x00000000ead00000,0x00000000ead88020,0x00000000eae00000)
  to   space 1024K, 0% used [0x00000000eae00000,0x00000000eae00000,0x00000000eaf00000)
 ParOldGen       total 127488K, used 126985K [0x00000000c0000000, 0x00000000c7c80000, 0x00000000eab00000)
  object space 127488K, 99% used [0x00000000c0000000,0x00000000c7c02678,0x00000000c7c80000)
 Metaspace       used 96163K, committed 97344K, reserved 1179648K
  class space    used 9875K, committed 10432K, reserved 1048576K
}
Event: 36647.507 GC heap before
{Heap before GC invocations=12701 (full 349):
 PSYoungGen      total 3072K, used 2592K [0x00000000eab00000, 0x00000000eaf00000, 0x0000000100000000)
  eden space 2048K, 100% used [0x00000000eab00000,0x00000000ead00000,0x00000000ead00000)
  from space 1024K, 53% used [0x00000000ead00000,0x00000000ead88020,0x00000000eae00000)
  to   space 1024K, 0% used [0x00000000eae00000,0x00000000eae00000,0x00000000eaf00000)
 ParOldGen       total 127488K, used 126985K [0x00000000c0000000, 0x00000000c7c80000, 0x00000000eab00000)
  object space 127488K, 99% used [0x00000000c0000000,0x00000000c7c02678,0x00000000c7c80000)
 Metaspace       used 96163K, committed 97344K, reserved 1179648K
  class space    used 9875K, committed 10432K, reserved 1048576K
}

Dll operation events (16 events):
Event: 0.014 Loaded shared library C:\Users\Public\wpilib\2026\jdk\bin\java.dll
Event: 0.024 Loaded shared library C:\Users\Public\wpilib\2026\jdk\bin\jsvml.dll
Event: 0.055 Loaded shared library C:\Users\Public\wpilib\2026\jdk\bin\zip.dll
Event: 0.056 Loaded shared library C:\Users\Public\wpilib\2026\jdk\bin\instrument.dll
Event: 0.058 Loaded shared library C:\Users\Public\wpilib\2026\jdk\bin\net.dll
Event: 0.059 Loaded shared library C:\Users\Public\wpilib\2026\jdk\bin\nio.dll
Event: 0.061 Loaded shared library C:\Users\Public\wpilib\2026\jdk\bin\zip.dll
Event: 0.066 Loaded shared library C:\Users\Public\wpilib\2026\jdk\bin\jimage.dll
Event: 0.095 Loaded shared library C:\Users\Public\wpilib\2026\jdk\bin\verify.dll
Event: 3.581 Loaded shared library C:\Users\Public\wpilib\2026\vscode\data\user-data\User\globalStorage\redhat.java\1.38.0\config_win\org.eclipse.equinox.launcher\org.eclipse.equinox.launcher.win32.win32.x86_64_1.2.1100.v20240722-2106\eclipse_11904.dll
Event: 6.844 Loaded shared library C:\Users\Cinar\AppData\Local\Temp\jna-65112793\jna3947421058307585431.dll
Event: 9.096 Loaded shared library C:\Users\Cinar\.gradle\native\c067742578af261105cb4f569cf0c3c89f3d7b1fecec35dd04571415982c5e48\windows-amd64\native-platform.dll
Event: 9.617 Loaded shared library C:\Users\Public\wpilib\2026\jdk\bin\management.dll
Event: 9.619 Loaded shared library C:\Users\Public\wpilib\2026\jdk\bin\management_ext.dll
Event: 9.920 Loaded shared library C:\Users\Public\wpilib\2026\jdk\bin\sunmscapi.dll
Event: 9.970 Loaded shared library C:\Users\Public\wpilib\2026\jdk\bin\extnet.dll

Deoptimization events (20 events):
Event: 36631.878 Thread 0x00000171f38695c0 DEOPT PACKING pc=0x00000171dbd89394 sp=0x00000015d80fed50
Event: 36631.878 Thread 0x00000171f38695c0 DEOPT UNPACKING pc=0x00000171d99766a3 sp=0x00000015d80fece8 mode 2
Event: 36631.894 Thread 0x00000171fd418900 DEOPT PACKING pc=0x00000171d4e198ec sp=0x00000015d81fdd70
Event: 36631.894 Thread 0x00000171fd418900 DEOPT UNPACKING pc=0x00000171d9976e43 sp=0x00000015d81fd280 mode 0
Event: 36643.757 Thread 0x00000171fd414c40 DEOPT PACKING pc=0x00000171d44830bb sp=0x00000015d73fe270
Event: 36643.757 Thread 0x00000171fd414c40 DEOPT UNPACKING pc=0x00000171d9976e43 sp=0x00000015d73fd798 mode 0
Event: 36645.173 Thread 0x00000171fd414c40 Uncommon trap: trap_request=0xffffffe4 fr.pc=0x00000171db7ff21c relative=0x000000000000023c
Event: 36645.173 Thread 0x00000171fd414c40 Uncommon trap: reason=range_check action=make_not_entrant pc=0x00000171db7ff21c method=org.eclipse.jdt.internal.compiler.parser.Scanner.scanIdentifierOrKeyword()I @ 157 c2
Event: 36645.173 Thread 0x00000171fd414c40 DEOPT PACKING pc=0x00000171db7ff21c sp=0x00000015d73fec80
Event: 36645.173 Thread 0x00000171fd414c40 DEOPT UNPACKING pc=0x00000171d99766a3 sp=0x00000015d73fec00 mode 2
Event: 36645.503 Thread 0x00000171f05dd5d0 Uncommon trap: trap_request=0xffffffbe fr.pc=0x00000171dae4493c relative=0x000000000000105c
Event: 36645.503 Thread 0x00000171f05dd5d0 Uncommon trap: reason=profile_predicate action=maybe_recompile pc=0x00000171dae4493c method=org.eclipse.jdt.internal.compiler.parser.Scanner.checkTaskTag(II)V @ 203 c2
Event: 36645.503 Thread 0x00000171f05dd5d0 DEOPT PACKING pc=0x00000171dae4493c sp=0x00000015da9fe370
Event: 36645.503 Thread 0x00000171f05dd5d0 DEOPT UNPACKING pc=0x00000171d99766a3 sp=0x00000015da9fe320 mode 2
Event: 36645.511 Thread 0x00000171f05dd5d0 Uncommon trap: trap_request=0xffffffbe fr.pc=0x00000171dae4493c relative=0x000000000000105c
Event: 36645.511 Thread 0x00000171f05dd5d0 Uncommon trap: reason=profile_predicate action=maybe_recompile pc=0x00000171dae4493c method=org.eclipse.jdt.internal.compiler.parser.Scanner.checkTaskTag(II)V @ 203 c2
Event: 36645.511 Thread 0x00000171f05dd5d0 DEOPT PACKING pc=0x00000171dae4493c sp=0x00000015da9fe370
Event: 36645.511 Thread 0x00000171f05dd5d0 DEOPT UNPACKING pc=0x00000171d99766a3 sp=0x00000015da9fe320 mode 2
Event: 36646.909 Thread 0x00000171f386b930 DEOPT PACKING pc=0x00000171d4e67d67 sp=0x00000015d9efe290
Event: 36646.909 Thread 0x00000171f386b930 DEOPT UNPACKING pc=0x00000171d9976e43 sp=0x00000015d9efd760 mode 0

Classes loaded (20 events):
Event: 36370.204 Loading class sun/security/ssl/SSLEngineOutputRecord$HandshakeFragment
Event: 36370.204 Loading class sun/security/ssl/SSLEngineOutputRecord$HandshakeFragment done
Event: 36370.204 Loading class sun/security/ssl/SSLEngineOutputRecord$HandshakeMemo
Event: 36370.204 Loading class sun/security/ssl/SSLEngineOutputRecord$RecordMemo
Event: 36370.204 Loading class sun/security/ssl/SSLEngineOutputRecord$RecordMemo done
Event: 36370.204 Loading class sun/security/ssl/SSLEngineOutputRecord$HandshakeMemo done
Event: 36370.228 Loading class sun/security/ssl/PreSharedKeyExtension$SHPreSharedKeySpec
Event: 36370.229 Loading class sun/security/ssl/PreSharedKeyExtension$SHPreSharedKeySpec done
Event: 36371.472 Loading class sun/net/www/protocol/http/HttpURLConnection$10
Event: 36371.472 Loading class sun/net/www/protocol/http/HttpURLConnection$10 done
Event: 36371.539 Loading class sun/net/www/http/KeepAliveCleanerEntry
Event: 36371.539 Loading class sun/net/www/http/KeepAliveCleanerEntry done
Event: 36371.539 Loading class sun/net/www/http/KeepAliveStream$1
Event: 36371.539 Loading class sun/net/www/http/KeepAliveStream$1 done
Event: 36374.243 Loading class sun/net/ConnectionResetException
Event: 36374.243 Loading class sun/net/ConnectionResetException done
Event: 36573.246 Loading class java/util/DualPivotQuicksort$Sorter
Event: 36573.246 Loading class java/util/DualPivotQuicksort$Sorter done
Event: 36610.583 Loading class jdk/internal/misc/ScopedMemoryAccess$Scope$Handle
Event: 36610.584 Loading class jdk/internal/misc/ScopedMemoryAccess$Scope$Handle done

Classes unloaded (20 events):
Event: 35896.794 Thread 0x00000171e3e483f0 Unloading class 0x00000171819f7000 'java/lang/invoke/LambdaForm$MH+0x00000171819f7000'
Event: 35896.794 Thread 0x00000171e3e483f0 Unloading class 0x00000171819f6c00 'java/lang/invoke/LambdaForm$MH+0x00000171819f6c00'
Event: 35896.794 Thread 0x00000171e3e483f0 Unloading class 0x00000171819f6400 'java/lang/invoke/LambdaForm$MH+0x00000171819f6400'
Event: 35896.794 Thread 0x00000171e3e483f0 Unloading class 0x00000171819f6000 'java/lang/invoke/LambdaForm$MH+0x00000171819f6000'
Event: 35896.794 Thread 0x00000171e3e483f0 Unloading class 0x00000171819f5c00 'java/lang/invoke/LambdaForm$MH+0x00000171819f5c00'
Event: 35896.794 Thread 0x00000171e3e483f0 Unloading class 0x00000171819f5800 'java/lang/invoke/LambdaForm$MH+0x00000171819f5800'
Event: 35896.794 Thread 0x00000171e3e483f0 Unloading class 0x00000171819f5400 'java/lang/invoke/LambdaForm$MH+0x00000171819f5400'
Event: 35896.794 Thread 0x00000171e3e483f0 Unloading class 0x00000171819f5000 'java/lang/invoke/LambdaForm$MH+0x00000171819f5000'
Event: 35896.794 Thread 0x00000171e3e483f0 Unloading class 0x00000171819f4c00 'java/lang/invoke/LambdaForm$MH+0x00000171819f4c00'
Event: 35896.794 Thread 0x00000171e3e483f0 Unloading class 0x00000171819f4800 'java/lang/invoke/LambdaForm$MH+0x00000171819f4800'
Event: 35896.794 Thread 0x00000171e3e483f0 Unloading class 0x00000171819f4400 'java/lang/invoke/LambdaForm$MH+0x00000171819f4400'
Event: 35896.794 Thread 0x00000171e3e483f0 Unloading class 0x00000171819f4000 'java/lang/invoke/LambdaForm$MH+0x00000171819f4000'
Event: 35896.794 Thread 0x00000171e3e483f0 Unloading class 0x00000171813b6c00 'java/lang/invoke/LambdaForm$MH+0x00000171813b6c00'
Event: 35896.794 Thread 0x00000171e3e483f0 Unloading class 0x00000171813b7000 'java/lang/invoke/LambdaForm$MH+0x00000171813b7000'
Event: 35896.794 Thread 0x00000171e3e483f0 Unloading class 0x0000017181491000 'java/lang/invoke/LambdaForm$MH+0x0000017181491000'
Event: 35896.794 Thread 0x00000171e3e483f0 Unloading class 0x0000017181600000 'java/lang/invoke/LambdaForm$MH+0x0000017181600000'
Event: 35896.794 Thread 0x00000171e3e483f0 Unloading class 0x0000017181601000 'java/lang/invoke/LambdaForm$MH+0x0000017181601000'
Event: 35896.794 Thread 0x00000171e3e483f0 Unloading class 0x0000017181700400 'java/lang/invoke/LambdaForm$MH+0x0000017181700400'
Event: 35896.794 Thread 0x00000171e3e483f0 Unloading class 0x0000017181708400 'java/lang/invoke/LambdaForm$MH+0x0000017181708400'
Event: 35896.794 Thread 0x00000171e3e483f0 Unloading class 0x0000017181717000 'java/lang/invoke/LambdaForm$MH+0x0000017181717000'

Classes redefined (0 events):
No events

Internal exceptions (20 events):
Event: 36573.078 Thread 0x00000171ebb12fb0 Exception <a 'sun/nio/fs/WindowsException'{0x00000000eabf0dd0}> (0x00000000eabf0dd0) 
thrown [s\src\hotspot\share\prims\jni.cpp, line 516]
Event: 36573.144 Thread 0x00000171ebb12fb0 Exception <a 'sun/nio/fs/WindowsException'{0x00000000eab2e380}> (0x00000000eab2e380) 
thrown [s\src\hotspot\share\prims\jni.cpp, line 516]
Event: 36581.672 Thread 0x00000171ebb12fb0 Exception <a 'sun/nio/fs/WindowsException'{0x00000000eab34c80}> (0x00000000eab34c80) 
thrown [s\src\hotspot\share\prims\jni.cpp, line 516]
Event: 36581.792 Thread 0x00000171ebb12fb0 Exception <a 'sun/nio/fs/WindowsException'{0x00000000eab102f8}> (0x00000000eab102f8) 
thrown [s\src\hotspot\share\prims\jni.cpp, line 516]
Event: 36601.761 Thread 0x00000171ebb12fb0 Exception <a 'sun/nio/fs/WindowsException'{0x00000000eab6f928}> (0x00000000eab6f928) 
thrown [s\src\hotspot\share\prims\jni.cpp, line 516]
Event: 36601.821 Thread 0x00000171ebb12fb0 Exception <a 'sun/nio/fs/WindowsException'{0x00000000eacfd410}> (0x00000000eacfd410) 
thrown [s\src\hotspot\share\prims\jni.cpp, line 516]
Event: 36602.412 Thread 0x00000171f3869ad0 Exception <a 'sun/nio/fs/WindowsException'{0x00000000eab00848}> (0x00000000eab00848) 
thrown [s\src\hotspot\share\prims\jni.cpp, line 516]
Event: 36602.412 Thread 0x00000171f3869ad0 Exception <a 'sun/nio/fs/WindowsException'{0x00000000eab01118}> (0x00000000eab01118) 
thrown [s\src\hotspot\share\prims\jni.cpp, line 516]
Event: 36606.369 Thread 0x00000171ebb12fb0 Exception <a 'sun/nio/fs/WindowsException'{0x00000000eac50408}> (0x00000000eac50408) 
thrown [s\src\hotspot\share\prims\jni.cpp, line 516]
Event: 36606.494 Thread 0x00000171ebb12fb0 Exception <a 'sun/nio/fs/WindowsException'{0x00000000eab079e8}> (0x00000000eab079e8) 
thrown [s\src\hotspot\share\prims\jni.cpp, line 516]
Event: 36610.068 Thread 0x00000171ebb12fb0 Exception <a 'sun/nio/fs/WindowsException'{0x00000000eab44ae8}> (0x00000000eab44ae8) 
thrown [s\src\hotspot\share\prims\jni.cpp, line 516]
Event: 36610.131 Thread 0x00000171ebb12fb0 Exception <a 'sun/nio/fs/WindowsException'{0x00000000eac168b8}> (0x00000000eac168b8) 
thrown [s\src\hotspot\share\prims\jni.cpp, line 516]
Event: 36615.307 Thread 0x00000171ee80a650 Implicit null exception at 0x00000171dbb21920 to 0x00000171dbb21b5c
Event: 36616.298 Thread 0x00000171ebb12fb0 Exception <a 'sun/nio/fs/WindowsException'{0x00000000eabd0920}> (0x00000000eabd0920) 
thrown [s\src\hotspot\share\prims\jni.cpp, line 516]
Event: 36616.425 Thread 0x00000171ebb12fb0 Exception <a 'sun/nio/fs/WindowsException'{0x00000000eabb7ba0}> (0x00000000eabb7ba0) 
thrown [s\src\hotspot\share\prims\jni.cpp, line 516]
Event: 36626.187 Thread 0x00000171ebb12fb0 Exception <a 'sun/nio/fs/WindowsException'{0x00000000eab5d170}> (0x00000000eab5d170) 
thrown [s\src\hotspot\share\prims\jni.cpp, line 516]
Event: 36626.321 Thread 0x00000171ebb12fb0 Exception <a 'sun/nio/fs/WindowsException'{0x00000000eabe3020}> (0x00000000eabe3020) 
thrown [s\src\hotspot\share\prims\jni.cpp, line 516]
Event: 36635.048 Thread 0x00000171ebb12fb0 Exception <a 'sun/nio/fs/WindowsException'{0x00000000eac6c010}> (0x00000000eac6c010) 
thrown [s\src\hotspot\share\prims\jni.cpp, line 516]
Event: 36635.182 Thread 0x00000171ebb12fb0 Exception <a 'sun/nio/fs/WindowsException'{0x00000000eab25de0}> (0x00000000eab25de0) 
thrown [s\src\hotspot\share\prims\jni.cpp, line 516]
Event: 36645.173 Thread 0x00000171fd414c40 Exception <a 'java/lang/ArrayIndexOutOfBoundsException'{0x00000000ead80f58}: Index 7076 out of bounds for length 7076> (0x00000000ead80f58) 
thrown [s\src\hotspot\share\interpreter\interpreterRuntime.cpp, line 428]

VM Operations (20 events):
Event: 36646.916 Executing VM operation: ParallelGCFailedAllocation done
Event: 36646.918 Executing VM operation: ParallelGCFailedAllocation
Event: 36646.919 Executing VM operation: ParallelGCFailedAllocation done
Event: 36647.113 Executing VM operation: ParallelGCFailedAllocation
Event: 36647.114 Executing VM operation: ParallelGCFailedAllocation done
Event: 36647.116 Executing VM operation: ParallelGCFailedAllocation
Event: 36647.117 Executing VM operation: ParallelGCFailedAllocation done
Event: 36647.119 Executing VM operation: ParallelGCFailedAllocation
Event: 36647.120 Executing VM operation: ParallelGCFailedAllocation done
Event: 36647.260 Executing VM operation: ParallelGCFailedAllocation
Event: 36647.261 Executing VM operation: ParallelGCFailedAllocation done
Event: 36647.339 Executing VM operation: ParallelGCFailedAllocation
Event: 36647.340 Executing VM operation: ParallelGCFailedAllocation done
Event: 36647.343 Executing VM operation: ParallelGCFailedAllocation
Event: 36647.343 Executing VM operation: ParallelGCFailedAllocation done
Event: 36647.346 Executing VM operation: ParallelGCFailedAllocation
Event: 36647.347 Executing VM operation: ParallelGCFailedAllocation done
Event: 36647.504 Executing VM operation: ParallelGCFailedAllocation
Event: 36647.504 Executing VM operation: ParallelGCFailedAllocation done
Event: 36647.507 Executing VM operation: ParallelGCFailedAllocation

Memory protections (0 events):
No events

Nmethod flushes (20 events):
Event: 36602.471 Thread 0x00000171e575f670 flushing  nmethod 0x00000171d3406610
Event: 36602.471 Thread 0x00000171e575f670 flushing  nmethod 0x00000171d3450810
Event: 36602.471 Thread 0x00000171e575f670 flushing  nmethod 0x00000171d357b090
Event: 36602.471 Thread 0x00000171e575f670 flushing  nmethod 0x00000171d35add10
Event: 36602.471 Thread 0x00000171e575f670 flushing  nmethod 0x00000171d35d9210
Event: 36602.472 Thread 0x00000171e575f670 flushing  nmethod 0x00000171d3650e10
Event: 36602.472 Thread 0x00000171e575f670 flushing  nmethod 0x00000171d372e190
Event: 36602.473 Thread 0x00000171e575f670 flushing  nmethod 0x00000171d39d6d10
Event: 36602.473 Thread 0x00000171e575f670 flushing  nmethod 0x00000171d3a35610
Event: 36602.473 Thread 0x00000171e575f670 flushing  nmethod 0x00000171d3a5f090
Event: 36602.473 Thread 0x00000171e575f670 flushing  nmethod 0x00000171d3aef190
Event: 36602.474 Thread 0x00000171e575f670 flushing  nmethod 0x00000171d3cd4890
Event: 36602.474 Thread 0x00000171e575f670 flushing  nmethod 0x00000171d3d32e90
Event: 36602.474 Thread 0x00000171e575f670 flushing  nmethod 0x00000171d3e38590
Event: 36602.477 Thread 0x00000171e575f670 flushing  nmethod 0x00000171d43aeb10
Event: 36602.477 Thread 0x00000171e575f670 flushing  nmethod 0x00000171d4470510
Event: 36602.478 Thread 0x00000171e575f670 flushing  nmethod 0x00000171d46c7190
Event: 36602.479 Thread 0x00000171e575f670 flushing  nmethod 0x00000171d47e1390
Event: 36602.479 Thread 0x00000171e575f670 flushing  nmethod 0x00000171d4880d10
Event: 36602.481 Thread 0x00000171e575f670 flushing  nmethod 0x00000171d4d43790

Events (20 events):
Event: 36410.135 Thread 0x00000171f3868180 Thread added: 0x00000171f05d9910
Event: 36412.350 Thread 0x00000171fd418e10 Thread exited: 0x00000171fd418e10
Event: 36415.872 Thread 0x00000171ee805f70 Thread added: 0x00000171f05dad50
Event: 36418.057 Thread 0x00000171f05dd5d0 Thread added: 0x00000171f05d7fc0
Event: 36429.560 Thread 0x00000171e574dd10 Thread added: 0x00000171f2535b00
Event: 36429.560 Thread 0x00000171e574dd10 Thread added: 0x00000171fef101f0
Event: 36429.560 Thread 0x00000171e574dd10 Thread added: 0x00000171fef121d0
Event: 36430.572 Thread 0x00000171f386af10 Thread exited: 0x00000171f386af10
Event: 36434.563 Thread 0x00000171fef121d0 Thread exited: 0x00000171fef121d0
Event: 36434.567 Thread 0x00000171fef101f0 Thread exited: 0x00000171fef101f0
Event: 36436.807 Thread 0x00000171fd416590 Thread exited: 0x00000171fd416590
Event: 36439.565 Thread 0x00000171f2535b00 Thread exited: 0x00000171f2535b00
Event: 36440.772 Thread 0x00000171ee805f70 Thread added: 0x00000171f05dd0c0
Event: 36459.055 Thread 0x00000171ee805a60 Thread added: 0x00000171f05d6160
Event: 36523.222 Thread 0x00000171e574dd10 Thread added: 0x00000171f3e6c490
Event: 36523.835 Thread 0x00000171f3e6c490 Thread exited: 0x00000171f3e6c490
Event: 36531.702 Thread 0x00000171e574dd10 Thread added: 0x00000171fcc96e10
Event: 36536.813 Thread 0x00000171fcc96e10 Thread exited: 0x00000171fcc96e10
Event: 36602.412 Thread 0x00000171f3869ad0 Thread added: 0x00000171fd41ac70
Event: 36602.412 Thread 0x00000171fd41ac70 Thread exited: 0x00000171fd41ac70


Dynamic libraries:
0x00007ff797b10000 - 0x00007ff797b1e000 	C:\Users\Public\wpilib\2026\jdk\bin\java.exe
0x00007ff923fa0000 - 0x00007ff9241a9000 	C:\Windows\SYSTEM32\ntdll.dll
0x00007ff923250000 - 0x00007ff92330d000 	C:\Windows\System32\KERNEL32.DLL
0x00007ff9217e0000 - 0x00007ff921b64000 	C:\Windows\System32\KERNELBASE.dll
0x00007ff9216c0000 - 0x00007ff9217d1000 	C:\Windows\System32\ucrtbase.dll
0x00007ff8f0b40000 - 0x00007ff8f0b57000 	C:\Users\Public\wpilib\2026\jdk\bin\jli.dll
0x00007ff8e2920000 - 0x00007ff8e293e000 	C:\Users\Public\wpilib\2026\jdk\bin\VCRUNTIME140.dll
0x00007ff9235a0000 - 0x00007ff92374d000 	C:\Windows\System32\USER32.dll
0x00007ff914100000 - 0x00007ff9143a5000 	C:\Windows\WinSxS\amd64_microsoft.windows.common-controls_6595b64144ccf1df_6.0.22000.120_none_9d947278b86cc467\COMCTL32.dll
0x00007ff921430000 - 0x00007ff921456000 	C:\Windows\System32\win32u.dll
0x00007ff923220000 - 0x00007ff92324a000 	C:\Windows\System32\GDI32.dll
0x00007ff9238f0000 - 0x00007ff923993000 	C:\Windows\System32\msvcrt.dll
0x00007ff921cd0000 - 0x00007ff921dee000 	C:\Windows\System32\gdi32full.dll
0x00007ff921c30000 - 0x00007ff921ccd000 	C:\Windows\System32\msvcp_win.dll
0x00007ff921df0000 - 0x00007ff921e21000 	C:\Windows\System32\IMM32.DLL
0x00007ff915720000 - 0x00007ff91572c000 	C:\Users\Public\wpilib\2026\jdk\bin\vcruntime140_1.dll
0x00007ff8e0ba0000 - 0x00007ff8e0c29000 	C:\Users\Public\wpilib\2026\jdk\bin\msvcp140.dll
0x00007ff873fb0000 - 0x00007ff874c1b000 	C:\Users\Public\wpilib\2026\jdk\bin\server\jvm.dll
0x00007ff923ae0000 - 0x00007ff923b8e000 	C:\Windows\System32\ADVAPI32.dll
0x00007ff923500000 - 0x00007ff92359e000 	C:\Windows\System32\sechost.dll
0x00007ff9237c0000 - 0x00007ff9238e1000 	C:\Windows\System32\RPCRT4.dll
0x00007ff922640000 - 0x00007ff9226af000 	C:\Windows\System32\WS2_32.dll
0x00007ff91fd50000 - 0x00007ff91fd9d000 	C:\Windows\SYSTEM32\POWRPROF.dll
0x00007ff91a890000 - 0x00007ff91a8c3000 	C:\Windows\SYSTEM32\WINMM.dll
0x00007ff9191b0000 - 0x00007ff9191ba000 	C:\Windows\SYSTEM32\VERSION.dll
0x00007ff91fe40000 - 0x00007ff91fe53000 	C:\Windows\SYSTEM32\UMPDC.dll
0x00007ff920550000 - 0x00007ff920568000 	C:\Windows\SYSTEM32\kernel.appcore.dll
0x00007ff9155e0000 - 0x00007ff9155ea000 	C:\Users\Public\wpilib\2026\jdk\bin\jimage.dll
0x00007ff91ec10000 - 0x00007ff91ee31000 	C:\Windows\SYSTEM32\DBGHELP.DLL
0x00007ff8ffde0000 - 0x00007ff8ffe11000 	C:\Windows\SYSTEM32\dbgcore.DLL
0x00007ff921640000 - 0x00007ff9216bf000 	C:\Windows\System32\bcryptPrimitives.dll
0x00007ff906c30000 - 0x00007ff906c3e000 	C:\Users\Public\wpilib\2026\jdk\bin\instrument.dll
0x00007ff8db1d0000 - 0x00007ff8db1f5000 	C:\Users\Public\wpilib\2026\jdk\bin\java.dll
0x00007ff8d7530000 - 0x00007ff8d7607000 	C:\Users\Public\wpilib\2026\jdk\bin\jsvml.dll
0x00007ff9226b0000 - 0x00007ff922e75000 	C:\Windows\System32\SHELL32.dll
0x00007ff91f4d0000 - 0x00007ff91fd32000 	C:\Windows\SYSTEM32\windows.storage.dll
0x00007ff923b90000 - 0x00007ff923f06000 	C:\Windows\System32\combase.dll
0x00007ff91f360000 - 0x00007ff91f4c7000 	C:\Windows\SYSTEM32\wintypes.dll
0x00007ff923410000 - 0x00007ff9234fa000 	C:\Windows\System32\SHCORE.dll
0x00007ff9239a0000 - 0x00007ff9239fd000 	C:\Windows\System32\shlwapi.dll
0x00007ff921360000 - 0x00007ff921385000 	C:\Windows\SYSTEM32\profapi.dll
0x00007ff8e0d90000 - 0x00007ff8e0da8000 	C:\Users\Public\wpilib\2026\jdk\bin\zip.dll
0x00007ff8dfda0000 - 0x00007ff8dfdb9000 	C:\Users\Public\wpilib\2026\jdk\bin\net.dll
0x00007ff91b220000 - 0x00007ff91b334000 	C:\Windows\SYSTEM32\WINHTTP.dll
0x00007ff9209f0000 - 0x00007ff920a57000 	C:\Windows\system32\mswsock.dll
0x00007ff8db1b0000 - 0x00007ff8db1c6000 	C:\Users\Public\wpilib\2026\jdk\bin\nio.dll
0x00007ff906a30000 - 0x00007ff906a40000 	C:\Users\Public\wpilib\2026\jdk\bin\verify.dll
0x00007ff8e0ac0000 - 0x00007ff8e0b05000 	C:\Users\Public\wpilib\2026\vscode\data\user-data\User\globalStorage\redhat.java\1.38.0\config_win\org.eclipse.equinox.launcher\org.eclipse.equinox.launcher.win32.win32.x86_64_1.2.1100.v20240722-2106\eclipse_11904.dll
0x00007ff922410000 - 0x00007ff9225aa000 	C:\Windows\System32\ole32.dll
0x00007ff920cc0000 - 0x00007ff920cd8000 	C:\Windows\SYSTEM32\CRYPTSP.dll
0x00007ff9204b0000 - 0x00007ff9204e5000 	C:\Windows\system32\rsaenh.dll
0x00007ff920a90000 - 0x00007ff920abc000 	C:\Windows\SYSTEM32\USERENV.dll
0x00007ff920e00000 - 0x00007ff920e27000 	C:\Windows\SYSTEM32\bcrypt.dll
0x00007ff920be0000 - 0x00007ff920bec000 	C:\Windows\SYSTEM32\CRYPTBASE.dll
0x00007ff920070000 - 0x00007ff92009d000 	C:\Windows\SYSTEM32\IPHLPAPI.DLL
0x00007ff922e80000 - 0x00007ff922e89000 	C:\Windows\System32\NSI.dll
0x00007ff91ab70000 - 0x00007ff91ab89000 	C:\Windows\SYSTEM32\dhcpcsvc6.DLL
0x00007ff91bab0000 - 0x00007ff91bace000 	C:\Windows\SYSTEM32\dhcpcsvc.DLL
0x00007ff9200e0000 - 0x00007ff9201c7000 	C:\Windows\SYSTEM32\DNSAPI.dll
0x00007ff8e0120000 - 0x00007ff8e0169000 	C:\Users\Cinar\AppData\Local\Temp\jna-65112793\jna3947421058307585431.dll
0x00007ff921f20000 - 0x00007ff921f28000 	C:\Windows\System32\PSAPI.DLL
0x00007ff8fd470000 - 0x00007ff8fd497000 	C:\Users\Cinar\.gradle\native\c067742578af261105cb4f569cf0c3c89f3d7b1fecec35dd04571415982c5e48\windows-amd64\native-platform.dll
0x00007ff905300000 - 0x00007ff90530a000 	C:\Users\Public\wpilib\2026\jdk\bin\management.dll
0x00007ff8fd4a0000 - 0x00007ff8fd4ab000 	C:\Users\Public\wpilib\2026\jdk\bin\management_ext.dll
0x00007ff8e29c0000 - 0x00007ff8e29ce000 	C:\Users\Public\wpilib\2026\jdk\bin\sunmscapi.dll
0x00007ff9214d0000 - 0x00007ff921632000 	C:\Windows\System32\CRYPT32.dll
0x00007ff920dd0000 - 0x00007ff920df8000 	C:\Windows\SYSTEM32\ncrypt.dll
0x00007ff920d90000 - 0x00007ff920dc7000 	C:\Windows\SYSTEM32\NTASN1.dll
0x00007ff903df0000 - 0x00007ff903dfa000 	C:\Windows\System32\rasadhlp.dll
0x00007ff919a90000 - 0x00007ff919b11000 	C:\Windows\System32\fwpuclnt.dll
0x00007ff8e21f0000 - 0x00007ff8e21f9000 	C:\Users\Public\wpilib\2026\jdk\bin\extnet.dll

dbghelp: loaded successfully - version: 4.0.5 - missing functions: none
symbol engine: initialized successfully - sym options: 0x614 - pdb path: .;C:\Users\Public\wpilib\2026\jdk\bin;C:\Windows\SYSTEM32;C:\Windows\WinSxS\amd64_microsoft.windows.common-controls_6595b64144ccf1df_6.0.22000.120_none_9d947278b86cc467;C:\Users\Public\wpilib\2026\jdk\bin\server;C:\Users\Public\wpilib\2026\vscode\data\user-data\User\globalStorage\redhat.java\1.38.0\config_win\org.eclipse.equinox.launcher\org.eclipse.equinox.launcher.win32.win32.x86_64_1.2.1100.v20240722-2106;C:\Users\Cinar\AppData\Local\Temp\jna-65112793;C:\Users\Cinar\.gradle\native\c067742578af261105cb4f569cf0c3c89f3d7b1fecec35dd04571415982c5e48\windows-amd64

VM Arguments:
jvm_args: --add-modules=ALL-SYSTEM --add-opens=java.base/java.util=ALL-UNNAMED --add-opens=java.base/java.lang=ALL-UNNAMED --add-opens=java.base/sun.nio.fs=ALL-UNNAMED -Declipse.application=org.eclipse.jdt.ls.core.id1 -Dosgi.bundles.defaultStartLevel=4 -Declipse.product=org.eclipse.jdt.ls.core.product -Djava.import.generatesMetadataFilesAtProjectRoot=false -DDetectVMInstallationsJob.disabled=true -Dfile.encoding=utf8 -XX:+UseParallelGC -XX:GCTimeRatio=4 -XX:AdaptiveSizePolicyWeight=90 -Dsun.zip.disableMemoryMapping=true -Xmx1G -Xms100m -Xlog:disable -javaagent:c:\Users\Public\wpilib\2026\vscode\data\extensions\redhat.java-1.38.0\lombok\lombok-1.18.34.jar -XX:+HeapDumpOnOutOfMemoryError -XX:HeapDumpPath=c:\Users\Public\wpilib\2026\vscode\data\user-data\User\workspaceStorage\b0ae44fce785b7964e90a7cbb8bc19ea\redhat.java -Daether.dependencyCollector.impl=bf 
java_command: c:\Users\Public\wpilib\2026\vscode\data\extensions\redhat.java-1.38.0\server\plugins\org.eclipse.equinox.launcher_1.6.900.v20240613-2009.jar -configuration c:\Users\Public\wpilib\2026\vscode\data\user-data\User\globalStorage\redhat.java\1.38.0\config_win -data c:\Users\Public\wpilib\2026\vscode\data\user-data\User\workspaceStorage\b0ae44fce785b7964e90a7cbb8bc19ea\redhat.java\jdt_ws --pipe=\\.\pipe\lsp-afd491ea9e5c3f6b94176ebbdf10fbfd-sock
java_class_path (initial): c:\Users\Public\wpilib\2026\vscode\data\extensions\redhat.java-1.38.0\server\plugins\org.eclipse.equinox.launcher_1.6.900.v20240613-2009.jar
Launcher Type: SUN_STANDARD

[Global flags]
    uintx AdaptiveSizePolicyWeight                 = 90                                        {product} {command line}
     intx CICompilerCount                          = 12                                        {product} {ergonomic}
    uintx GCTimeRatio                              = 4                                         {product} {command line}
     bool HeapDumpOnOutOfMemoryError               = true                                   {manageable} {command line}
    ccstr HeapDumpPath                             = c:\Users\Public\wpilib\2026\vscode\data\user-data\User\workspaceStorage\b0ae44fce785b7964e90a7cbb8bc19ea\redhat.java         {manageable} {command line}
   size_t InitialHeapSize                          = 104857600                                 {product} {command line}
   size_t MaxHeapSize                              = 1073741824                                {product} {command line}
   size_t MaxNewSize                               = 357564416                                 {product} {ergonomic}
   size_t MinHeapDeltaBytes                        = 524288                                    {product} {ergonomic}
   size_t MinHeapSize                              = 104857600                                 {product} {command line}
   size_t NewSize                                  = 34603008                                  {product} {ergonomic}
    uintx NonNMethodCodeHeapSize                   = 7602480                                {pd product} {ergonomic}
    uintx NonProfiledCodeHeapSize                  = 122027880                              {pd product} {ergonomic}
   size_t OldSize                                  = 70254592                                  {product} {ergonomic}
    uintx ProfiledCodeHeapSize                     = 122027880                              {pd product} {ergonomic}
    uintx ReservedCodeCacheSize                    = 251658240                              {pd product} {ergonomic}
     bool SegmentedCodeCache                       = true                                      {product} {ergonomic}
   size_t SoftMaxHeapSize                          = 1073741824                             {manageable} {ergonomic}
     bool UseCompressedClassPointers               = true                           {product lp64_product} {ergonomic}
     bool UseCompressedOops                        = true                           {product lp64_product} {ergonomic}
     bool UseLargePagesIndividualAllocation        = false                                  {pd product} {ergonomic}
     bool UseParallelGC                            = true                                      {product} {command line}

Logging:
Log output configuration:
 #0: stdout all=off uptime,level,tags
 #1: stderr all=off uptime,level,tags

Environment Variables:
JAVA_HOME=C:\Users\Public\wpilib\2025\jdk
PATH=C:\Users\Cinar\AppData\Local\Programs\Microsoft VS Code;C:\Program Files\Eclipse Adoptium\jre-25.0.2.10-hotspot\bin;C:\Program Files\Eclipse Adoptium\jdk-21.0.9.10-hotspot\bin;C:\Program Files\Eclipse Adoptium\jdk-25.0.1.8-hotspot\bin;C:\Users\Public\wpilib\2025\jdk;C:\Program Files\Oculus\Support\oculus-runtime;C:\Users\Cinar\anaconda3;C:\Program Files\Java\jdk-17;C:\Program Files (x86)\Common Files\Oracle\Java\javapath;C:\Windows\system32;C:\Windows;C:\Windows\System32\Wbem;C:\Windows\System32\WindowsPowerShell\v1.0\;C:\Windows\System32\OpenSSH\;C:\Program Files\Git\cmd;C:\Program Files\CMake\bin;C:\Program Files\NVIDIA Corporation\NVIDIA NvDLISR;C:\Program Files (x86)\NVIDIA Corporation\PhysX\Common;C:\Program Files\dotnet\;C:\Program Files\Java\jdk1.8.0_333;C:\Users\Public\wpilib\2025\jdk;C:\beer;C:\Users\Cinar\AppData\Local\Microsoft\WindowsApps;C:\Users\Cinar\Desktop\fluflu\flutter\bin;C:\Program Files\qemu;C:\Program Files (x86)\Vim\vim90;C:\Users\Cinar\Desktop\demu;C:\msys64\mingw64\bin;C:\Users\Cinar\Desktop\numC\nmcc;C:\Users\Cinar\libraries;C:\Users\Cinar\vcr;C:\Users\Cinar\.deno\bin;C:\Users\Cinar\AppData\Local\Programs\Antigravity\bin
USERNAME=Cinar
OS=Windows_NT
PROCESSOR_IDENTIFIER=Intel64 Family 6 Model 165 Stepping 5, GenuineIntel
TMP=C:\Users\Cinar\AppData\Local\Temp
TEMP=C:\Users\Cinar\AppData\Local\Temp



Periodic native trim disabled


---------------  S Y S T E M  ---------------

OS:
 Windows 11 , 64 bit Build 22000 (10.0.22000.2538)
OS uptime: 3 days 20:00 hours
Hyper-V role detected

CPU: total 16 (initial active 16) (8 cores per cpu, 2 threads per core) family 6 model 165 stepping 5 microcode 0xe0, cx8, cmov, fxsr, ht, mmx, 3dnowpref, sse, sse2, sse3, ssse3, sse4.1, sse4.2, popcnt, lzcnt, tsc, tscinvbit, avx, avx2, aes, erms, clmul, bmi1, bmi2, adx, fma, vzeroupper, clflush, clflushopt, hv
Processor Information for all 16 processors :
  Max Mhz: 2901, Current Mhz: 2901, Mhz Limit: 2901

Memory: 4k page, system-wide physical 16314M (7580M free)
TotalPageFile size 23738M (AvailPageFile size 11187M)
current process WorkingSet (physical memory assigned to process): 533M, peak: 546M
current process commit charge ("private bytes"): 564M, peak: 582M

vm_info: OpenJDK 64-Bit Server VM (17.0.16+8) for windows-amd64 JRE (17.0.16+8), built on Jul 16 2025 10:37:56 by "admin" with MS VC++ 17.7 (VS2022)

END.
